Content-Type: multipart/alternative;
 boundary="===============5165449250286597589=="
MIME-Version: 1.0
Subject: Profile activation
From: test@example.com
To: colthurling@gmail.com
Date: Thu, 08 Nov 2018 11:36:19 -0000
Message-ID: <154167697963.27325.3578391272947258928@riddhi-G7-7588>

--===============5165449250286597589==
Content-Type: text/plain; charset="utf-8"
MIME-Version: 1.0
Content-Transfer-Encoding: 7bit



To activate your profile, please follow this link:

http://127.0.0.1:8000/accounts/activate/IrumA064xD6AuVaGRg3G/

--===============5165449250286597589==
Content-Type: text/html; charset="utf-8"
MIME-Version: 1.0
Content-Transfer-Encoding: 7bit



<!DOCTYPE html PUBLIC "-//W3C//DTD XHTML 1.0 Transitional//EN"
        "http://www.w3.org/TR/xhtml1/DTD/xhtml1-transitional.dtd">
<html xmlns="http://www.w3.org/1999/xhtml">
<head>
    <meta http-equiv="Content-Type" content="text/html; charset=UTF-8"/>
    <title>Profile activation</title>
    <meta name="viewport" content="width=device-width, initial-scale=1.0"/>
</head>

<body>

<p>
    To activate your profile, please follow this link:
</p>

<p>
    <a href="http://127.0.0.1:8000/accounts/activate/IrumA064xD6AuVaGRg3G/">http://127.0.0.1:8000/accounts/activate/IrumA064xD6AuVaGRg3G/</a>
</p>

</body>

</html>

--===============5165449250286597589==--

-------------------------------------------------------------------------------
