Content-Type: multipart/alternative;
 boundary="===============3787937064284596835=="
MIME-Version: 1.0
Subject: Profile activation
From: test@example.com
To: avinashavi810@gmail.com
Date: Thu, 19 Mar 2020 20:27:29 -0000
Message-ID: <158464964960.4108.7723225084552915193@DESKTOP-998TP8A>

--===============3787937064284596835==
Content-Type: text/plain; charset="utf-8"
MIME-Version: 1.0
Content-Transfer-Encoding: 7bit



To activate your profile, please follow this link:

http://127.0.0.1:8000/accounts/activate/9Fy3t0QUZFTsDdOCuRSs/

--===============3787937064284596835==
Content-Type: text/html; charset="utf-8"
MIME-Version: 1.0
Content-Transfer-Encoding: 7bit



<!DOCTYPE html PUBLIC "-//W3C//DTD XHTML 1.0 Transitional//EN"
        "http://www.w3.org/TR/xhtml1/DTD/xhtml1-transitional.dtd">
<html xmlns="http://www.w3.org/1999/xhtml">
<head>
    <meta http-equiv="Content-Type" content="text/html; charset=UTF-8"/>
    <title>Profile activation</title>
    <meta name="viewport" content="width=device-width, initial-scale=1.0"/>
</head>

<body>

<p>
    To activate your profile, please follow this link:
</p>

<p>
    <a href="http://127.0.0.1:8000/accounts/activate/9Fy3t0QUZFTsDdOCuRSs/">http://127.0.0.1:8000/accounts/activate/9Fy3t0QUZFTsDdOCuRSs/</a>
</p>

</body>

</html>

--===============3787937064284596835==--

-------------------------------------------------------------------------------
